Vivado Simulator 2018.2
Copyright 1986-1999, 2001-2018 Xilinx, Inc. All Rights Reserved.
Running: /usr/local/insa/Xilinx.VIVADO/Vivado/2018.2/bin/unwrapped/lnx64.o/xelab -wto ea89b971ef374288afa1cec0899549b2 --incr --debug typical --relax --mt 8 --maxdelay -L xil_defaultlib -L simprims_ver -L secureip --snapshot Test_AFC_time_synth -transport_int_delays -pulse_r 0 -pulse_int_r 0 -pulse_e 0 -pulse_int_e 0 xil_defaultlib.Test_AFC xil_defaultlib.glbl -log elaborate.log 
Using 8 slave threads.
Starting static elaboration
Completed static elaboration
Starting simulation data flow analysis
Completed simulation data flow analysis
INFO: [XSIM 43-3451] SDF backannotation process started with SDF file "Test_AFC_time_synth.sdf", for root module "Test_AFC/proc".
INFO: [XSIM 43-3452] SDF backannotation was successful for SDF file "Test_AFC_time_synth.sdf", for root module "Test_AFC/proc".
Time Resolution for simulation is 1ps
Compiling package std.standard
Compiling package std.textio
Compiling package ieee.std_logic_1164
Compiling package vl.vl_types
Compiling module xil_defaultlib.glbl
Compiling module simprims_ver.BUFG
Compiling module simprims_ver.IBUF
Compiling module simprims_ver.x_lut1_mux2
Compiling module simprims_ver.LUT1
Compiling module simprims_ver.LUT4
Compiling module simprims_ver.LUT5
Compiling module simprims_ver.x_lut3_mux8
Compiling module simprims_ver.LUT3
Compiling module simprims_ver.LUT6
Compiling module simprims_ver.FDRE_default
Compiling module simprims_ver.OBUF
Compiling module simprims_ver.latchsre_ldce
Compiling module simprims_ver.LDCE
Compiling module xil_defaultlib.BR
Compiling module xil_defaultlib.MI
Compiling module simprims_ver.x_lut2_mux4
Compiling module simprims_ver.LUT2
Compiling module xil_defaultlib.PipeLine
Compiling module xil_defaultlib.PipeLine_0
Compiling module xil_defaultlib.PipeLine_1
Compiling module xil_defaultlib.PipeLine_2
Compiling module simprims_ver.CARRY4
Compiling module xil_defaultlib.ALU
Compiling module xil_defaultlib.processor
Compiling architecture behavioral of entity xil_defaultlib.test_afc
Built simulation snapshot Test_AFC_time_synth
